<?xml version="1.0" encoding="UTF-8"?>
<testng-results skipped="0" failed="0" ignored="0" total="2" passed="2">
  <reporter-output>
  </reporter-output>
  <suite name="Suite" duration-ms="32477" started-at="2020-03-12T12:29:59 IST" finished-at="2020-03-12T12:30:32 IST">
    <groups>
    </groups>
    <test name="Test" duration-ms="32477" started-at="2020-03-12T12:29:59 IST" finished-at="2020-03-12T12:30:32 IST">
      <class name="script.LoginTest">
        <test-method status="PASS" signature="setUp()[pri:0, instance:script.LoginTest@4b1c1ea0]" name="setUp" is-config="true" duration-ms="6708" started-at="2020-03-12T12:30:00 IST" finished-at="2020-03-12T12:30:06 IST">
          <reporter-output>
          </reporter-output>
        </test-method> <!-- setUp -->
        <test-method status="PASS" signature="DemoTest1()[pri:1, instance:script.LoginTest@4b1c1ea0]" name="DemoTest1" duration-ms="11529" started-at="2020-03-12T12:30:06 IST" finished-at="2020-03-12T12:30:18 IST">
          <reporter-output>
          </reporter-output>
        </test-method> <!-- DemoTest1 -->
        <test-method status="PASS" signature="tearDown()[pri:0, instance:script.LoginTest@4b1c1ea0]" name="tearDown" is-config="true" duration-ms="1635" started-at="2020-03-12T12:30:18 IST" finished-at="2020-03-12T12:30:19 IST">
          <reporter-output>
          </reporter-output>
        </test-method> <!-- tearDown -->
        <test-method status="PASS" signature="setUp()[pri:0, instance:script.LoginTest@4b1c1ea0]" name="setUp" is-config="true" duration-ms="3328" started-at="2020-03-12T12:30:19 IST" finished-at="2020-03-12T12:30:23 IST">
          <reporter-output>
          </reporter-output>
        </test-method> <!-- setUp -->
        <test-method status="PASS" signature="DemoTest2()[pri:2, instance:script.LoginTest@4b1c1ea0]" name="DemoTest2" duration-ms="8452" started-at="2020-03-12T12:30:23 IST" finished-at="2020-03-12T12:30:31 IST">
          <reporter-output>
          </reporter-output>
        </test-method> <!-- DemoTest2 -->
        <test-method status="PASS" signature="tearDown()[pri:0, instance:script.LoginTest@4b1c1ea0]" name="tearDown" is-config="true" duration-ms="779" started-at="2020-03-12T12:30:31 IST" finished-at="2020-03-12T12:30:32 IST">
          <reporter-output>
          </reporter-output>
        </test-method> <!-- tearDown -->
      </class> <!-- script.LoginTest -->
    </test> <!-- Test -->
  </suite> <!-- Suite -->
</testng-results>
